{"D:\\CODE\\water-company\\backend\\server\\config.js": {"path":"D:\\CODE\\water-company\\backend\\server\\config.js","statementMap":{"0":{"start":{"line":2,"column":17},"end":{"line":2,"column":36}},"1":{"start":{"line":3,"column":15},"end":{"line":3,"column":41}},"2":{"start":{"line":5,"column":18},"end":{"line":20,"column":1}},"3":{"start":{"line":6,"column":2},"end":{"line":19,"column":3}},"4":{"start":{"line":7,"column":4},"end":{"line":14,"column":7}},"5":{"start":{"line":15,"column":4},"end":{"line":15,"column":50}},"6":{"start":{"line":17,"column":4},"end":{"line":17,"column":85}},"7":{"start":{"line":18,"column":4},"end":{"line":18,"column":20}},"8":{"start":{"line":22,"column":0},"end":{"line":22,"column":27}}},"fnMap":{"0":{"name":"(anonymous_0)","decl":{"start":{"line":5,"column":18},"end":{"line":5,"column":19}},"loc":{"start":{"line":5,"column":30},"end":{"line":20,"column":1}},"line":5}},"branchMap":{},"s":{"0":0,"1":0,"2":0,"3":0,"4":0,"5":0,"6":0,"7":0,"8":0},"f":{"0":0},"b":{}}
,"D:\\CODE\\water-company\\backend\\server\\models.js": {"path":"D:\\CODE\\water-company\\backend\\server\\models.js","statementMap":{"0":{"start":{"line":2,"column":17},"end":{"line":2,"column":36}},"1":{"start":{"line":3,"column":15},"end":{"line":3,"column":32}},"2":{"start":{"line":6,"column":28},"end":{"line":9,"column":2}},"3":{"start":{"line":10,"column":22},"end":{"line":10,"column":74}},"4":{"start":{"line":13,"column":19},"end":{"line":31,"column":2}},"5":{"start":{"line":34,"column":0},"end":{"line":50,"column":3}},"6":{"start":{"line":35,"column":2},"end":{"line":37,"column":3}},"7":{"start":{"line":36,"column":4},"end":{"line":36,"column":57}},"8":{"start":{"line":38,"column":2},"end":{"line":48,"column":3}},"9":{"start":{"line":39,"column":4},"end":{"line":47,"column":6}},"10":{"start":{"line":49,"column":2},"end":{"line":49,"column":9}},"11":{"start":{"line":52,"column":13},"end":{"line":52,"column":47}},"12":{"start":{"line":55,"column":28},"end":{"line":57,"column":2}},"13":{"start":{"line":58,"column":22},"end":{"line":58,"column":74}},"14":{"start":{"line":61,"column":31},"end":{"line":63,"column":2}},"15":{"start":{"line":64,"column":25},"end":{"line":64,"column":83}},"16":{"start":{"line":67,"column":29},"end":{"line":69,"column":2}},"17":{"start":{"line":70,"column":23},"end":{"line":70,"column":77}},"18":{"start":{"line":73,"column":26},"end":{"line":75,"column":2}},"19":{"start":{"line":76,"column":20},"end":{"line":76,"column":68}},"20":{"start":{"line":79,"column":30},"end":{"line":108,"column":24}},"21":{"start":{"line":110,"column":0},"end":{"line":125,"column":3}},"22":{"start":{"line":111,"column":2},"end":{"line":123,"column":3}},"23":{"start":{"line":112,"column":4},"end":{"line":122,"column":5}},"24":{"start":{"line":113,"column":22},"end":{"line":117,"column":7}},"25":{"start":{"line":118,"column":6},"end":{"line":118,"column":56}},"26":{"start":{"line":120,"column":6},"end":{"line":120,"column":77}},"27":{"start":{"line":121,"column":6},"end":{"line":121,"column":98}},"28":{"start":{"line":124,"column":2},"end":{"line":124,"column":9}},"29":{"start":{"line":127,"column":24},"end":{"line":127,"column":80}},"30":{"start":{"line":130,"column":33},"end":{"line":161,"column":24}},"31":{"start":{"line":163,"column":0},"end":{"line":178,"column":3}},"32":{"start":{"line":164,"column":2},"end":{"line":176,"column":3}},"33":{"start":{"line":165,"column":4},"end":{"line":175,"column":5}},"34":{"start":{"line":166,"column":22},"end":{"line":170,"column":7}},"35":{"start":{"line":171,"column":6},"end":{"line":171,"column":59}},"36":{"start":{"line":173,"column":6},"end":{"line":173,"column":81}},"37":{"start":{"line":174,"column":6},"end":{"line":174,"column":102}},"38":{"start":{"line":177,"column":2},"end":{"line":177,"column":9}},"39":{"start":{"line":180,"column":27},"end":{"line":180,"column":89}},"40":{"start":{"line":183,"column":27},"end":{"line":192,"column":2}},"41":{"start":{"line":193,"column":21},"end":{"line":193,"column":71}},"42":{"start":{"line":196,"column":30},"end":{"line":235,"column":24}},"43":{"start":{"line":237,"column":24},"end":{"line":237,"column":80}},"44":{"start":{"line":240,"column":0},"end":{"line":251,"column":2}}},"fnMap":{"0":{"name":"(anonymous_0)","decl":{"start":{"line":34,"column":23},"end":{"line":34,"column":24}},"loc":{"start":{"line":34,"column":45},"end":{"line":50,"column":1}},"line":34},"1":{"name":"(anonymous_1)","decl":{"start":{"line":110,"column":34},"end":{"line":110,"column":35}},"loc":{"start":{"line":110,"column":56},"end":{"line":125,"column":1}},"line":110},"2":{"name":"(anonymous_2)","decl":{"start":{"line":163,"column":37},"end":{"line":163,"column":38}},"loc":{"start":{"line":163,"column":59},"end":{"line":178,"column":1}},"line":163}},"branchMap":{"0":{"loc":{"start":{"line":35,"column":2},"end":{"line":37,"column":3}},"type":"if","locations":[{"start":{"line":35,"column":2},"end":{"line":37,"column":3}},{"start":{},"end":{}}],"line":35},"1":{"loc":{"start":{"line":38,"column":2},"end":{"line":48,"column":3}},"type":"if","locations":[{"start":{"line":38,"column":2},"end":{"line":48,"column":3}},{"start":{},"end":{}}],"line":38},"2":{"loc":{"start":{"line":111,"column":2},"end":{"line":123,"column":3}},"type":"if","locations":[{"start":{"line":111,"column":2},"end":{"line":123,"column":3}},{"start":{},"end":{}}],"line":111},"3":{"loc":{"start":{"line":164,"column":2},"end":{"line":176,"column":3}},"type":"if","locations":[{"start":{"line":164,"column":2},"end":{"line":176,"column":3}},{"start":{},"end":{}}],"line":164}},"s":{"0":0,"1":0,"2":0,"3":0,"4":0,"5":0,"6":0,"7":0,"8":0,"9":0,"10":0,"11":0,"12":0,"13":0,"14":0,"15":0,"16":0,"17":0,"18":0,"19":0,"20":0,"21":0,"22":0,"23":0,"24":0,"25":0,"26":0,"27":0,"28":0,"29":0,"30":0,"31":0,"32":0,"33":0,"34":0,"35":0,"36":0,"37":0,"38":0,"39":0,"40":0,"41":0,"42":0,"43":0,"44":0},"f":{"0":0,"1":0,"2":0},"b":{"0":[0,0],"1":[0,0],"2":[0,0],"3":[0,0]}}
,"D:\\CODE\\water-company\\backend\\server\\controllers\\projects\\project.core.controller.js": {"path":"D:\\CODE\\water-company\\backend\\server\\controllers\\projects\\project.core.controller.js","statementMap":{"0":{"start":{"line":2,"column":23},"end":{"line":2,"column":67}},"1":{"start":{"line":3,"column":34},"end":{"line":3,"column":56}},"2":{"start":{"line":4,"column":15},"end":{"line":4,"column":45}},"3":{"start":{"line":5,"column":62},"end":{"line":5,"column":85}},"4":{"start":{"line":7,"column":0},"end":{"line":21,"column":2}},"5":{"start":{"line":8,"column":2},"end":{"line":20,"column":3}},"6":{"start":{"line":9,"column":19},"end":{"line":9,"column":66}},"7":{"start":{"line":12,"column":30},"end":{"line":14,"column":5}},"8":{"start":{"line":13,"column":31},"end":{"line":13,"column":55}},"9":{"start":{"line":16,"column":4},"end":{"line":16,"column":57}},"10":{"start":{"line":18,"column":4},"end":{"line":18,"column":145}},"11":{"start":{"line":19,"column":4},"end":{"line":19,"column":16}},"12":{"start":{"line":23,"column":0},"end":{"line":45,"column":2}},"13":{"start":{"line":25,"column":2},"end":{"line":27,"column":3}},"14":{"start":{"line":26,"column":4},"end":{"line":26,"column":79}},"15":{"start":{"line":28,"column":2},"end":{"line":44,"column":3}},"16":{"start":{"line":29,"column":21},"end":{"line":29,"column":29}},"17":{"start":{"line":30,"column":4},"end":{"line":32,"column":5}},"18":{"start":{"line":31,"column":6},"end":{"line":31,"column":96}},"19":{"start":{"line":35,"column":19},"end":{"line":35,"column":90}},"20":{"start":{"line":36,"column":4},"end":{"line":36,"column":33}},"21":{"start":{"line":38,"column":4},"end":{"line":38,"column":154}},"22":{"start":{"line":39,"column":4},"end":{"line":41,"column":5}},"23":{"start":{"line":40,"column":6},"end":{"line":40,"column":124}},"24":{"start":{"line":43,"column":4},"end":{"line":43,"column":16}},"25":{"start":{"line":47,"column":0},"end":{"line":71,"column":2}},"26":{"start":{"line":48,"column":2},"end":{"line":70,"column":3}},"27":{"start":{"line":49,"column":21},"end":{"line":49,"column":30}},"28":{"start":{"line":50,"column":22},"end":{"line":50,"column":35}},"29":{"start":{"line":52,"column":4},"end":{"line":54,"column":5}},"30":{"start":{"line":53,"column":6},"end":{"line":53,"column":108}},"31":{"start":{"line":57,"column":19},"end":{"line":57,"column":102}},"32":{"start":{"line":61,"column":4},"end":{"line":61,"column":82}},"33":{"start":{"line":64,"column":4},"end":{"line":64,"column":196}},"34":{"start":{"line":66,"column":4},"end":{"line":68,"column":5}},"35":{"start":{"line":67,"column":6},"end":{"line":67,"column":75}},"36":{"start":{"line":69,"column":4},"end":{"line":69,"column":16}},"37":{"start":{"line":73,"column":0},"end":{"line":135,"column":2}},"38":{"start":{"line":74,"column":2},"end":{"line":134,"column":3}},"39":{"start":{"line":75,"column":21},"end":{"line":75,"column":30}},"40":{"start":{"line":76,"column":22},"end":{"line":76,"column":35}},"41":{"start":{"line":77,"column":17},"end":{"line":77,"column":25}},"42":{"start":{"line":79,"column":4},"end":{"line":81,"column":5}},"43":{"start":{"line":80,"column":6},"end":{"line":80,"column":108}},"44":{"start":{"line":83,"column":18},"end":{"line":83,"column":76}},"45":{"start":{"line":84,"column":20},"end":{"line":84,"column":51}},"46":{"start":{"line":86,"column":4},"end":{"line":88,"column":5}},"47":{"start":{"line":87,"column":6},"end":{"line":87,"column":76}},"48":{"start":{"line":90,"column":24},"end":{"line":90,"column":45}},"49":{"start":{"line":91,"column":32},"end":{"line":91,"column":55}},"50":{"start":{"line":92,"column":23},"end":{"line":92,"column":47}},"51":{"start":{"line":95,"column":4},"end":{"line":126,"column":5}},"52":{"start":{"line":96,"column":21},"end":{"line":96,"column":90}},"53":{"start":{"line":97,"column":6},"end":{"line":97,"column":30}},"54":{"start":{"line":100,"column":9},"end":{"line":126,"column":5}},"55":{"start":{"line":101,"column":21},"end":{"line":101,"column":90}},"56":{"start":{"line":102,"column":6},"end":{"line":102,"column":30}},"57":{"start":{"line":105,"column":9},"end":{"line":126,"column":5}},"58":{"start":{"line":106,"column":6},"end":{"line":106,"column":35}},"59":{"start":{"line":107,"column":6},"end":{"line":107,"column":27}},"60":{"start":{"line":108,"column":46},"end":{"line":108,"column":92}},"61":{"start":{"line":109,"column":27},"end":{"line":116,"column":8}},"62":{"start":{"line":117,"column":6},"end":{"line":117,"column":32}},"63":{"start":{"line":118,"column":6},"end":{"line":120,"column":7}},"64":{"start":{"line":119,"column":8},"end":{"line":119,"column":112}},"65":{"start":{"line":121,"column":6},"end":{"line":121,"column":171}},"66":{"start":{"line":125,"column":6},"end":{"line":125,"column":120}},"67":{"start":{"line":129,"column":4},"end":{"line":129,"column":191}},"68":{"start":{"line":130,"column":4},"end":{"line":132,"column":5}},"69":{"start":{"line":131,"column":6},"end":{"line":131,"column":75}},"70":{"start":{"line":133,"column":4},"end":{"line":133,"column":16}}},"fnMap":{"0":{"name":"(anonymous_0)","decl":{"start":{"line":7,"column":22},"end":{"line":7,"column":23}},"loc":{"start":{"line":7,"column":48},"end":{"line":21,"column":1}},"line":7},"1":{"name":"(anonymous_1)","decl":{"start":{"line":13,"column":26},"end":{"line":13,"column":27}},"loc":{"start":{"line":13,"column":31},"end":{"line":13,"column":55}},"line":13},"2":{"name":"(anonymous_2)","decl":{"start":{"line":23,"column":24},"end":{"line":23,"column":25}},"loc":{"start":{"line":23,"column":50},"end":{"line":45,"column":1}},"line":23},"3":{"name":"(anonymous_3)","decl":{"start":{"line":47,"column":24},"end":{"line":47,"column":25}},"loc":{"start":{"line":47,"column":50},"end":{"line":71,"column":1}},"line":47},"4":{"name":"(anonymous_4)","decl":{"start":{"line":73,"column":24},"end":{"line":73,"column":25}},"loc":{"start":{"line":73,"column":50},"end":{"line":135,"column":1}},"line":73}},"branchMap":{"0":{"loc":{"start":{"line":25,"column":2},"end":{"line":27,"column":3}},"type":"if","locations":[{"start":{"line":25,"column":2},"end":{"line":27,"column":3}},{"start":{},"end":{}}],"line":25},"1":{"loc":{"start":{"line":30,"column":4},"end":{"line":32,"column":5}},"type":"if","locations":[{"start":{"line":30,"column":4},"end":{"line":32,"column":5}},{"start":{},"end":{}}],"line":30},"2":{"loc":{"start":{"line":30,"column":8},"end":{"line":30,"column":61}},"type":"binary-expr","locations":[{"start":{"line":30,"column":8},"end":{"line":30,"column":13}},{"start":{"line":30,"column":17},"end":{"line":30,"column":61}}],"line":30},"3":{"loc":{"start":{"line":39,"column":4},"end":{"line":41,"column":5}},"type":"if","locations":[{"start":{"line":39,"column":4},"end":{"line":41,"column":5}},{"start":{},"end":{}}],"line":39},"4":{"loc":{"start":{"line":39,"column":8},"end":{"line":39,"column":133}},"type":"binary-expr","locations":[{"start":{"line":39,"column":8},"end":{"line":39,"column":28}},{"start":{"line":39,"column":33},"end":{"line":39,"column":79}},{"start":{"line":39,"column":83},"end":{"line":39,"column":132}}],"line":39},"5":{"loc":{"start":{"line":52,"column":4},"end":{"line":54,"column":5}},"type":"if","locations":[{"start":{"line":52,"column":4},"end":{"line":54,"column":5}},{"start":{},"end":{}}],"line":52},"6":{"loc":{"start":{"line":52,"column":8},"end":{"line":52,"column":61}},"type":"binary-expr","locations":[{"start":{"line":52,"column":8},"end":{"line":52,"column":13}},{"start":{"line":52,"column":17},"end":{"line":52,"column":61}}],"line":52},"7":{"loc":{"start":{"line":61,"column":15},"end":{"line":61,"column":66}},"type":"cond-expr","locations":[{"start":{"line":61,"column":32},"end":{"line":61,"column":35}},{"start":{"line":61,"column":39},"end":{"line":61,"column":65}}],"line":61},"8":{"loc":{"start":{"line":61,"column":39},"end":{"line":61,"column":65}},"type":"cond-expr","locations":[{"start":{"line":61,"column":56},"end":{"line":61,"column":59}},{"start":{"line":61,"column":62},"end":{"line":61,"column":65}}],"line":61},"9":{"loc":{"start":{"line":66,"column":4},"end":{"line":68,"column":5}},"type":"if","locations":[{"start":{"line":66,"column":4},"end":{"line":68,"column":5}},{"start":{},"end":{}}],"line":66},"10":{"loc":{"start":{"line":79,"column":4},"end":{"line":81,"column":5}},"type":"if","locations":[{"start":{"line":79,"column":4},"end":{"line":81,"column":5}},{"start":{},"end":{}}],"line":79},"11":{"loc":{"start":{"line":79,"column":8},"end":{"line":79,"column":61}},"type":"binary-expr","locations":[{"start":{"line":79,"column":8},"end":{"line":79,"column":13}},{"start":{"line":79,"column":17},"end":{"line":79,"column":61}}],"line":79},"12":{"loc":{"start":{"line":83,"column":18},"end":{"line":83,"column":76}},"type":"cond-expr","locations":[{"start":{"line":83,"column":40},"end":{"line":83,"column":55}},{"start":{"line":83,"column":58},"end":{"line":83,"column":76}}],"line":83},"13":{"loc":{"start":{"line":86,"column":4},"end":{"line":88,"column":5}},"type":"if","locations":[{"start":{"line":86,"column":4},"end":{"line":88,"column":5}},{"start":{},"end":{}}],"line":86},"14":{"loc":{"start":{"line":95,"column":4},"end":{"line":126,"column":5}},"type":"if","locations":[{"start":{"line":95,"column":4},"end":{"line":126,"column":5}},{"start":{"line":100,"column":9},"end":{"line":126,"column":5}}],"line":95},"15":{"loc":{"start":{"line":95,"column":8},"end":{"line":95,"column":77}},"type":"binary-expr","locations":[{"start":{"line":95,"column":9},"end":{"line":95,"column":20}},{"start":{"line":95,"column":24},"end":{"line":95,"column":43}},{"start":{"line":95,"column":48},"end":{"line":95,"column":77}}],"line":95},"16":{"loc":{"start":{"line":100,"column":9},"end":{"line":126,"column":5}},"type":"if","locations":[{"start":{"line":100,"column":9},"end":{"line":126,"column":5}},{"start":{"line":105,"column":9},"end":{"line":126,"column":5}}],"line":100},"17":{"loc":{"start":{"line":100,"column":13},"end":{"line":100,"column":48}},"type":"binary-expr","locations":[{"start":{"line":100,"column":13},"end":{"line":100,"column":23}},{"start":{"line":100,"column":27},"end":{"line":100,"column":48}}],"line":100},"18":{"loc":{"start":{"line":105,"column":9},"end":{"line":126,"column":5}},"type":"if","locations":[{"start":{"line":105,"column":9},"end":{"line":126,"column":5}},{"start":{"line":124,"column":9},"end":{"line":126,"column":5}}],"line":105},"19":{"loc":{"start":{"line":105,"column":13},"end":{"line":105,"column":147}},"type":"binary-expr","locations":[{"start":{"line":105,"column":13},"end":{"line":105,"column":32}},{"start":{"line":105,"column":37},"end":{"line":105,"column":72}},{"start":{"line":105,"column":76},"end":{"line":105,"column":87}},{"start":{"line":105,"column":92},"end":{"line":105,"column":121}},{"start":{"line":105,"column":125},"end":{"line":105,"column":147}}],"line":105},"20":{"loc":{"start":{"line":113,"column":22},"end":{"line":113,"column":84}},"type":"cond-expr","locations":[{"start":{"line":113,"column":44},"end":{"line":113,"column":61}},{"start":{"line":113,"column":64},"end":{"line":113,"column":84}}],"line":113},"21":{"loc":{"start":{"line":118,"column":6},"end":{"line":120,"column":7}},"type":"if","locations":[{"start":{"line":118,"column":6},"end":{"line":120,"column":7}},{"start":{},"end":{}}],"line":118},"22":{"loc":{"start":{"line":130,"column":4},"end":{"line":132,"column":5}},"type":"if","locations":[{"start":{"line":130,"column":4},"end":{"line":132,"column":5}},{"start":{},"end":{}}],"line":130}},"s":{"0":0,"1":0,"2":0,"3":0,"4":0,"5":0,"6":0,"7":0,"8":0,"9":0,"10":0,"11":0,"12":0,"13":0,"14":0,"15":0,"16":0,"17":0,"18":0,"19":0,"20":0,"21":0,"22":0,"23":0,"24":0,"25":0,"26":0,"27":0,"28":0,"29":0,"30":0,"31":0,"32":0,"33":0,"34":0,"35":0,"36":0,"37":0,"38":0,"39":0,"40":0,"41":0,"42":0,"43":0,"44":0,"45":0,"46":0,"47":0,"48":0,"49":0,"50":0,"51":0,"52":0,"53":0,"54":0,"55":0,"56":0,"57":0,"58":0,"59":0,"60":0,"61":0,"62":0,"63":0,"64":0,"65":0,"66":0,"67":0,"68":0,"69":0,"70":0},"f":{"0":0,"1":0,"2":0,"3":0,"4":0},"b":{"0":[0,0],"1":[0,0],"2":[0,0],"3":[0,0],"4":[0,0,0],"5":[0,0],"6":[0,0],"7":[0,0],"8":[0,0],"9":[0,0],"10":[0,0],"11":[0,0],"12":[0,0],"13":[0,0],"14":[0,0],"15":[0,0,0],"16":[0,0],"17":[0,0],"18":[0,0],"19":[0,0,0,0,0],"20":[0,0],"21":[0,0],"22":[0,0]}}
,"D:\\CODE\\water-company\\backend\\server\\services\\project.service.js": {"path":"D:\\CODE\\water-company\\backend\\server\\services\\project.service.js","statementMap":{"0":{"start":{"line":2,"column":68},"end":{"line":2,"column":88}},"1":{"start":{"line":3,"column":55},"end":{"line":3,"column":74}},"2":{"start":{"line":4,"column":15},"end":{"line":4,"column":42}},"3":{"start":{"line":6,"column":24},"end":{"line":58,"column":1}},"4":{"start":{"line":7,"column":207},"end":{"line":7,"column":218}},"5":{"start":{"line":8,"column":16},"end":{"line":8,"column":74}},"6":{"start":{"line":9,"column":16},"end":{"line":9,"column":18}},"7":{"start":{"line":12,"column":2},"end":{"line":12,"column":57}},"8":{"start":{"line":12,"column":21},"end":{"line":12,"column":57}},"9":{"start":{"line":13,"column":2},"end":{"line":13,"column":89}},"10":{"start":{"line":13,"column":47},"end":{"line":13,"column":89}},"11":{"start":{"line":14,"column":2},"end":{"line":14,"column":83}},"12":{"start":{"line":14,"column":45},"end":{"line":14,"column":83}},"13":{"start":{"line":15,"column":2},"end":{"line":15,"column":75}},"14":{"start":{"line":15,"column":18},"end":{"line":15,"column":75}},"15":{"start":{"line":16,"column":2},"end":{"line":16,"column":61}},"16":{"start":{"line":16,"column":14},"end":{"line":16,"column":61}},"17":{"start":{"line":18,"column":2},"end":{"line":25,"column":3}},"18":{"start":{"line":19,"column":4},"end":{"line":23,"column":5}},"19":{"start":{"line":20,"column":6},"end":{"line":20,"column":30}},"20":{"start":{"line":21,"column":6},"end":{"line":21,"column":81}},"21":{"start":{"line":21,"column":27},"end":{"line":21,"column":81}},"22":{"start":{"line":22,"column":6},"end":{"line":22,"column":81}},"23":{"start":{"line":22,"column":27},"end":{"line":22,"column":81}},"24":{"start":{"line":24,"column":4},"end":{"line":24,"column":44}},"25":{"start":{"line":24,"column":18},"end":{"line":24,"column":44}},"26":{"start":{"line":28,"column":2},"end":{"line":39,"column":3}},"27":{"start":{"line":29,"column":4},"end":{"line":33,"column":6}},"28":{"start":{"line":34,"column":9},"end":{"line":39,"column":3}},"29":{"start":{"line":35,"column":4},"end":{"line":35,"column":26}},"30":{"start":{"line":38,"column":4},"end":{"line":38,"column":30}},"31":{"start":{"line":42,"column":2},"end":{"line":42,"column":48}},"32":{"start":{"line":42,"column":18},"end":{"line":42,"column":48}},"33":{"start":{"line":43,"column":2},"end":{"line":43,"column":68}},"34":{"start":{"line":43,"column":40},"end":{"line":43,"column":68}},"35":{"start":{"line":45,"column":16},"end":{"line":45,"column":49}},"36":{"start":{"line":47,"column":19},"end":{"line":50,"column":27}},"37":{"start":{"line":52,"column":2},"end":{"line":57,"column":4}},"38":{"start":{"line":60,"column":25},"end":{"line":114,"column":1}},"39":{"start":{"line":61,"column":75},"end":{"line":61,"column":86}},"40":{"start":{"line":64,"column":2},"end":{"line":68,"column":3}},"41":{"start":{"line":65,"column":18},"end":{"line":65,"column":120}},"42":{"start":{"line":66,"column":4},"end":{"line":66,"column":27}},"43":{"start":{"line":67,"column":4},"end":{"line":67,"column":16}},"44":{"start":{"line":69,"column":2},"end":{"line":73,"column":3}},"45":{"start":{"line":70,"column":18},"end":{"line":70,"column":99}},"46":{"start":{"line":71,"column":4},"end":{"line":71,"column":27}},"47":{"start":{"line":72,"column":4},"end":{"line":72,"column":16}},"48":{"start":{"line":74,"column":2},"end":{"line":78,"column":3}},"49":{"start":{"line":75,"column":18},"end":{"line":75,"column":74}},"50":{"start":{"line":76,"column":4},"end":{"line":76,"column":27}},"51":{"start":{"line":77,"column":4},"end":{"line":77,"column":16}},"52":{"start":{"line":80,"column":16},"end":{"line":80,"column":81}},"53":{"start":{"line":81,"column":21},"end":{"line":81,"column":85}},"54":{"start":{"line":83,"column":19},"end":{"line":83,"column":50}},"55":{"start":{"line":84,"column":2},"end":{"line":88,"column":3}},"56":{"start":{"line":85,"column":18},"end":{"line":85,"column":82}},"57":{"start":{"line":86,"column":4},"end":{"line":86,"column":27}},"58":{"start":{"line":87,"column":4},"end":{"line":87,"column":16}},"59":{"start":{"line":89,"column":2},"end":{"line":89,"column":37}},"60":{"start":{"line":90,"column":2},"end":{"line":90,"column":25}},"61":{"start":{"line":92,"column":18},"end":{"line":92,"column":39}},"62":{"start":{"line":93,"column":19},"end":{"line":93,"column":39}},"63":{"start":{"line":94,"column":2},"end":{"line":94,"column":55}},"64":{"start":{"line":97,"column":42},"end":{"line":97,"column":107}},"65":{"start":{"line":98,"column":23},"end":{"line":105,"column":4}},"66":{"start":{"line":106,"column":2},"end":{"line":106,"column":28}},"67":{"start":{"line":107,"column":2},"end":{"line":111,"column":3}},"68":{"start":{"line":108,"column":4},"end":{"line":108,"column":104}},"69":{"start":{"line":110,"column":4},"end":{"line":110,"column":86}},"70":{"start":{"line":113,"column":2},"end":{"line":113,"column":93}},"71":{"start":{"line":116,"column":26},"end":{"line":221,"column":1}},"72":{"start":{"line":117,"column":16},"end":{"line":117,"column":81}},"73":{"start":{"line":118,"column":18},"end":{"line":118,"column":49}},"74":{"start":{"line":120,"column":2},"end":{"line":124,"column":3}},"75":{"start":{"line":121,"column":18},"end":{"line":121,"column":56}},"76":{"start":{"line":122,"column":4},"end":{"line":122,"column":27}},"77":{"start":{"line":123,"column":4},"end":{"line":123,"column":16}},"78":{"start":{"line":126,"column":21},"end":{"line":126,"column":45}},"79":{"start":{"line":128,"column":26},"end":{"line":128,"column":123}},"80":{"start":{"line":129,"column":25},"end":{"line":129,"column":112}},"81":{"start":{"line":132,"column":28},"end":{"line":132,"column":45}},"82":{"start":{"line":134,"column":2},"end":{"line":136,"column":3}},"83":{"start":{"line":135,"column":4},"end":{"line":135,"column":32}},"84":{"start":{"line":137,"column":2},"end":{"line":137,"column":37}},"85":{"start":{"line":140,"column":2},"end":{"line":145,"column":3}},"86":{"start":{"line":141,"column":4},"end":{"line":141,"column":36}},"87":{"start":{"line":142,"column":4},"end":{"line":142,"column":50}},"88":{"start":{"line":143,"column":4},"end":{"line":143,"column":53}},"89":{"start":{"line":148,"column":2},"end":{"line":220,"column":3}},"90":{"start":{"line":149,"column":26},"end":{"line":149,"column":50}},"91":{"start":{"line":150,"column":4},"end":{"line":150,"column":32}},"92":{"start":{"line":152,"column":29},"end":{"line":157,"column":5}},"93":{"start":{"line":153,"column":6},"end":{"line":155,"column":7}},"94":{"start":{"line":154,"column":8},"end":{"line":154,"column":36}},"95":{"start":{"line":156,"column":6},"end":{"line":156,"column":19}},"96":{"start":{"line":159,"column":25},"end":{"line":159,"column":27}},"97":{"start":{"line":160,"column":4},"end":{"line":188,"column":5}},"98":{"start":{"line":161,"column":6},"end":{"line":187,"column":7}},"99":{"start":{"line":162,"column":34},"end":{"line":162,"column":159}},"100":{"start":{"line":164,"column":33},"end":{"line":164,"column":47}},"101":{"start":{"line":165,"column":33},"end":{"line":165,"column":53}},"102":{"start":{"line":168,"column":8},"end":{"line":178,"column":9}},"103":{"start":{"line":169,"column":38},"end":{"line":172,"column":11}},"104":{"start":{"line":170,"column":12},"end":{"line":170,"column":38}},"105":{"start":{"line":170,"column":26},"end":{"line":170,"column":38}},"106":{"start":{"line":171,"column":12},"end":{"line":171,"column":111}},"107":{"start":{"line":171,"column":18},"end":{"line":171,"column":71}},"108":{"start":{"line":171,"column":86},"end":{"line":171,"column":109}},"109":{"start":{"line":173,"column":10},"end":{"line":173,"column":67}},"110":{"start":{"line":174,"column":10},"end":{"line":174,"column":73}},"111":{"start":{"line":175,"column":15},"end":{"line":178,"column":9}},"112":{"start":{"line":176,"column":10},"end":{"line":176,"column":119}},"113":{"start":{"line":177,"column":10},"end":{"line":177,"column":168}},"114":{"start":{"line":180,"column":8},"end":{"line":186,"column":9}},"115":{"start":{"line":181,"column":10},"end":{"line":185,"column":13}},"116":{"start":{"line":190,"column":4},"end":{"line":193,"column":5}},"117":{"start":{"line":191,"column":39},"end":{"line":191,"column":75}},"118":{"start":{"line":192,"column":6},"end":{"line":192,"column":131}},"119":{"start":{"line":195,"column":4},"end":{"line":199,"column":6}},"120":{"start":{"line":200,"column":4},"end":{"line":200,"column":55}},"121":{"start":{"line":201,"column":29},"end":{"line":201,"column":65}},"122":{"start":{"line":203,"column":44},"end":{"line":203,"column":121}},"123":{"start":{"line":204,"column":25},"end":{"line":207,"column":6}},"124":{"start":{"line":208,"column":4},"end":{"line":208,"column":30}},"125":{"start":{"line":209,"column":4},"end":{"line":209,"column":112}},"126":{"start":{"line":209,"column":12},"end":{"line":209,"column":112}},"127":{"start":{"line":210,"column":4},"end":{"line":210,"column":120}},"128":{"start":{"line":211,"column":9},"end":{"line":220,"column":3}},"129":{"start":{"line":212,"column":4},"end":{"line":212,"column":46}},"130":{"start":{"line":213,"column":4},"end":{"line":213,"column":55}},"131":{"start":{"line":214,"column":29},"end":{"line":214,"column":65}},"132":{"start":{"line":215,"column":4},"end":{"line":215,"column":97}},"133":{"start":{"line":217,"column":18},"end":{"line":217,"column":86}},"134":{"start":{"line":218,"column":4},"end":{"line":218,"column":27}},"135":{"start":{"line":219,"column":4},"end":{"line":219,"column":16}},"136":{"start":{"line":223,"column":26},"end":{"line":289,"column":1}},"137":{"start":{"line":224,"column":16},"end":{"line":224,"column":81}},"138":{"start":{"line":225,"column":18},"end":{"line":225,"column":49}},"139":{"start":{"line":227,"column":2},"end":{"line":231,"column":3}},"140":{"start":{"line":228,"column":18},"end":{"line":228,"column":56}},"141":{"start":{"line":229,"column":4},"end":{"line":229,"column":27}},"142":{"start":{"line":230,"column":4},"end":{"line":230,"column":16}},"143":{"start":{"line":233,"column":22},"end":{"line":233,"column":43}},"144":{"start":{"line":235,"column":21},"end":{"line":235,"column":45}},"145":{"start":{"line":238,"column":2},"end":{"line":288,"column":3}},"146":{"start":{"line":239,"column":4},"end":{"line":239,"column":46}},"147":{"start":{"line":240,"column":4},"end":{"line":240,"column":43}},"148":{"start":{"line":242,"column":35},"end":{"line":242,"column":207}},"149":{"start":{"line":243,"column":4},"end":{"line":254,"column":5}},"150":{"start":{"line":244,"column":6},"end":{"line":244,"column":50}},"151":{"start":{"line":245,"column":6},"end":{"line":245,"column":42}},"152":{"start":{"line":246,"column":6},"end":{"line":253,"column":7}},"153":{"start":{"line":247,"column":8},"end":{"line":247,"column":70}},"154":{"start":{"line":248,"column":36},"end":{"line":250,"column":10}},"155":{"start":{"line":251,"column":8},"end":{"line":251,"column":41}},"156":{"start":{"line":252,"column":8},"end":{"line":252,"column":53}},"157":{"start":{"line":255,"column":4},"end":{"line":255,"column":93}},"158":{"start":{"line":255,"column":12},"end":{"line":255,"column":93}},"159":{"start":{"line":256,"column":4},"end":{"line":256,"column":61}},"160":{"start":{"line":259,"column":7},"end":{"line":288,"column":3}},"161":{"start":{"line":260,"column":4},"end":{"line":260,"column":46}},"162":{"start":{"line":261,"column":4},"end":{"line":261,"column":43}},"163":{"start":{"line":263,"column":31},"end":{"line":263,"column":203}},"164":{"start":{"line":264,"column":4},"end":{"line":275,"column":5}},"165":{"start":{"line":265,"column":6},"end":{"line":265,"column":46}},"166":{"start":{"line":266,"column":6},"end":{"line":266,"column":38}},"167":{"start":{"line":267,"column":6},"end":{"line":274,"column":7}},"168":{"start":{"line":268,"column":8},"end":{"line":268,"column":66}},"169":{"start":{"line":269,"column":36},"end":{"line":271,"column":10}},"170":{"start":{"line":272,"column":8},"end":{"line":272,"column":41}},"171":{"start":{"line":273,"column":8},"end":{"line":273,"column":53}},"172":{"start":{"line":276,"column":4},"end":{"line":276,"column":93}},"173":{"start":{"line":276,"column":12},"end":{"line":276,"column":93}},"174":{"start":{"line":277,"column":4},"end":{"line":277,"column":69}},"175":{"start":{"line":285,"column":18},"end":{"line":285,"column":130}},"176":{"start":{"line":286,"column":4},"end":{"line":286,"column":27}},"177":{"start":{"line":287,"column":4},"end":{"line":287,"column":16}},"178":{"start":{"line":291,"column":0},"end":{"line":296,"column":2}}},"fnMap":{"0":{"name":"(anonymous_0)","decl":{"start":{"line":6,"column":24},"end":{"line":6,"column":25}},"loc":{"start":{"line":6,"column":47},"end":{"line":58,"column":1}},"line":6},"1":{"name":"(anonymous_1)","decl":{"start":{"line":60,"column":25},"end":{"line":60,"column":26}},"loc":{"start":{"line":60,"column":71},"end":{"line":114,"column":1}},"line":60},"2":{"name":"(anonymous_2)","decl":{"start":{"line":116,"column":26},"end":{"line":116,"column":27}},"loc":{"start":{"line":116,"column":82},"end":{"line":221,"column":1}},"line":116},"3":{"name":"(anonymous_3)","decl":{"start":{"line":152,"column":29},"end":{"line":152,"column":30}},"loc":{"start":{"line":152,"column":40},"end":{"line":157,"column":5}},"line":152},"4":{"name":"(anonymous_4)","decl":{"start":{"line":169,"column":38},"end":{"line":169,"column":39}},"loc":{"start":{"line":169,"column":51},"end":{"line":172,"column":11}},"line":169},"5":{"name":"(anonymous_5)","decl":{"start":{"line":223,"column":26},"end":{"line":223,"column":27}},"loc":{"start":{"line":223,"column":70},"end":{"line":289,"column":1}},"line":223}},"branchMap":{"0":{"loc":{"start":{"line":7,"column":10},"end":{"line":7,"column":27}},"type":"default-arg","locations":[{"start":{"line":7,"column":17},"end":{"line":7,"column":27}}],"line":7},"1":{"loc":{"start":{"line":7,"column":29},"end":{"line":7,"column":37}},"type":"default-arg","locations":[{"start":{"line":7,"column":36},"end":{"line":7,"column":37}}],"line":7},"2":{"loc":{"start":{"line":7,"column":39},"end":{"line":7,"column":49}},"type":"default-arg","locations":[{"start":{"line":7,"column":47},"end":{"line":7,"column":49}}],"line":7},"3":{"loc":{"start":{"line":8,"column":16},"end":{"line":8,"column":74}},"type":"cond-expr","locations":[{"start":{"line":8,"column":38},"end":{"line":8,"column":53}},{"start":{"line":8,"column":56},"end":{"line":8,"column":74}}],"line":8},"4":{"loc":{"start":{"line":12,"column":2},"end":{"line":12,"column":57}},"type":"if","locations":[{"start":{"line":12,"column":2},"end":{"line":12,"column":57}},{"start":{},"end":{}}],"line":12},"5":{"loc":{"start":{"line":13,"column":2},"end":{"line":13,"column":89}},"type":"if","locations":[{"start":{"line":13,"column":2},"end":{"line":13,"column":89}},{"start":{},"end":{}}],"line":13},"6":{"loc":{"start":{"line":13,"column":6},"end":{"line":13,"column":45}},"type":"binary-expr","locations":[{"start":{"line":13,"column":6},"end":{"line":13,"column":22}},{"start":{"line":13,"column":26},"end":{"line":13,"column":45}}],"line":13},"7":{"loc":{"start":{"line":14,"column":2},"end":{"line":14,"column":83}},"type":"if","locations":[{"start":{"line":14,"column":2},"end":{"line":14,"column":83}},{"start":{},"end":{}}],"line":14},"8":{"loc":{"start":{"line":14,"column":6},"end":{"line":14,"column":43}},"type":"binary-expr","locations":[{"start":{"line":14,"column":6},"end":{"line":14,"column":20}},{"start":{"line":14,"column":24},"end":{"line":14,"column":43}}],"line":14},"9":{"loc":{"start":{"line":15,"column":2},"end":{"line":15,"column":75}},"type":"if","locations":[{"start":{"line":15,"column":2},"end":{"line":15,"column":75}},{"start":{},"end":{}}],"line":15},"10":{"loc":{"start":{"line":16,"column":2},"end":{"line":16,"column":61}},"type":"if","locations":[{"start":{"line":16,"column":2},"end":{"line":16,"column":61}},{"start":{},"end":{}}],"line":16},"11":{"loc":{"start":{"line":18,"column":2},"end":{"line":25,"column":3}},"type":"if","locations":[{"start":{"line":18,"column":2},"end":{"line":25,"column":3}},{"start":{},"end":{}}],"line":18},"12":{"loc":{"start":{"line":19,"column":4},"end":{"line":23,"column":5}},"type":"if","locations":[{"start":{"line":19,"column":4},"end":{"line":23,"column":5}},{"start":{},"end":{}}],"line":19},"13":{"loc":{"start":{"line":19,"column":8},"end":{"line":19,"column":42}},"type":"binary-expr","locations":[{"start":{"line":19,"column":8},"end":{"line":19,"column":23}},{"start":{"line":19,"column":27},"end":{"line":19,"column":42}}],"line":19},"14":{"loc":{"start":{"line":21,"column":6},"end":{"line":21,"column":81}},"type":"if","locations":[{"start":{"line":21,"column":6},"end":{"line":21,"column":81}},{"start":{},"end":{}}],"line":21},"15":{"loc":{"start":{"line":22,"column":6},"end":{"line":22,"column":81}},"type":"if","locations":[{"start":{"line":22,"column":6},"end":{"line":22,"column":81}},{"start":{},"end":{}}],"line":22},"16":{"loc":{"start":{"line":24,"column":4},"end":{"line":24,"column":44}},"type":"if","locations":[{"start":{"line":24,"column":4},"end":{"line":24,"column":44}},{"start":{},"end":{}}],"line":24},"17":{"loc":{"start":{"line":28,"column":2},"end":{"line":39,"column":3}},"type":"if","locations":[{"start":{"line":28,"column":2},"end":{"line":39,"column":3}},{"start":{"line":34,"column":9},"end":{"line":39,"column":3}}],"line":28},"18":{"loc":{"start":{"line":28,"column":6},"end":{"line":28,"column":44}},"type":"binary-expr","locations":[{"start":{"line":28,"column":6},"end":{"line":28,"column":24}},{"start":{"line":28,"column":28},"end":{"line":28,"column":44}}],"line":28},"19":{"loc":{"start":{"line":34,"column":9},"end":{"line":39,"column":3}},"type":"if","locations":[{"start":{"line":34,"column":9},"end":{"line":39,"column":3}},{"start":{"line":36,"column":9},"end":{"line":39,"column":3}}],"line":34},"20":{"loc":{"start":{"line":42,"column":2},"end":{"line":42,"column":48}},"type":"if","locations":[{"start":{"line":42,"column":2},"end":{"line":42,"column":48}},{"start":{},"end":{}}],"line":42},"21":{"loc":{"start":{"line":43,"column":2},"end":{"line":43,"column":68}},"type":"if","locations":[{"start":{"line":43,"column":2},"end":{"line":43,"column":68}},{"start":{},"end":{}}],"line":43},"22":{"loc":{"start":{"line":43,"column":6},"end":{"line":43,"column":38}},"type":"binary-expr","locations":[{"start":{"line":43,"column":6},"end":{"line":43,"column":15}},{"start":{"line":43,"column":19},"end":{"line":43,"column":38}}],"line":43},"23":{"loc":{"start":{"line":64,"column":2},"end":{"line":68,"column":3}},"type":"if","locations":[{"start":{"line":64,"column":2},"end":{"line":68,"column":3}},{"start":{},"end":{}}],"line":64},"24":{"loc":{"start":{"line":64,"column":6},"end":{"line":64,"column":73}},"type":"binary-expr","locations":[{"start":{"line":64,"column":6},"end":{"line":64,"column":11}},{"start":{"line":64,"column":15},"end":{"line":64,"column":29}},{"start":{"line":64,"column":33},"end":{"line":64,"column":42}},{"start":{"line":64,"column":46},"end":{"line":64,"column":58}},{"start":{"line":64,"column":62},"end":{"line":64,"column":73}}],"line":64},"25":{"loc":{"start":{"line":69,"column":2},"end":{"line":73,"column":3}},"type":"if","locations":[{"start":{"line":69,"column":2},"end":{"line":73,"column":3}},{"start":{},"end":{}}],"line":69},"26":{"loc":{"start":{"line":69,"column":6},"end":{"line":69,"column":63}},"type":"binary-expr","locations":[{"start":{"line":69,"column":6},"end":{"line":69,"column":36}},{"start":{"line":69,"column":41},"end":{"line":69,"column":47}},{"start":{"line":69,"column":51},"end":{"line":69,"column":62}}],"line":69},"27":{"loc":{"start":{"line":74,"column":2},"end":{"line":78,"column":3}},"type":"if","locations":[{"start":{"line":74,"column":2},"end":{"line":78,"column":3}},{"start":{},"end":{}}],"line":74},"28":{"loc":{"start":{"line":74,"column":6},"end":{"line":74,"column":42}},"type":"binary-expr","locations":[{"start":{"line":74,"column":6},"end":{"line":74,"column":32}},{"start":{"line":74,"column":36},"end":{"line":74,"column":42}}],"line":74},"29":{"loc":{"start":{"line":80,"column":16},"end":{"line":80,"column":81}},"type":"cond-expr","locations":[{"start":{"line":80,"column":45},"end":{"line":80,"column":60}},{"start":{"line":80,"column":63},"end":{"line":80,"column":81}}],"line":80},"30":{"loc":{"start":{"line":84,"column":2},"end":{"line":88,"column":3}},"type":"if","locations":[{"start":{"line":84,"column":2},"end":{"line":88,"column":3}},{"start":{},"end":{}}],"line":84},"31":{"loc":{"start":{"line":84,"column":6},"end":{"line":84,"column":48}},"type":"binary-expr","locations":[{"start":{"line":84,"column":6},"end":{"line":84,"column":15}},{"start":{"line":84,"column":19},"end":{"line":84,"column":48}}],"line":84},"32":{"loc":{"start":{"line":102,"column":18},"end":{"line":102,"column":87}},"type":"cond-expr","locations":[{"start":{"line":102,"column":47},"end":{"line":102,"column":64}},{"start":{"line":102,"column":67},"end":{"line":102,"column":87}}],"line":102},"33":{"loc":{"start":{"line":107,"column":2},"end":{"line":111,"column":3}},"type":"if","locations":[{"start":{"line":107,"column":2},"end":{"line":111,"column":3}},{"start":{"line":109,"column":9},"end":{"line":111,"column":3}}],"line":107},"34":{"loc":{"start":{"line":117,"column":16},"end":{"line":117,"column":81}},"type":"cond-expr","locations":[{"start":{"line":117,"column":45},"end":{"line":117,"column":60}},{"start":{"line":117,"column":63},"end":{"line":117,"column":81}}],"line":117},"35":{"loc":{"start":{"line":120,"column":2},"end":{"line":124,"column":3}},"type":"if","locations":[{"start":{"line":120,"column":2},"end":{"line":124,"column":3}},{"start":{},"end":{}}],"line":120},"36":{"loc":{"start":{"line":128,"column":26},"end":{"line":128,"column":123}},"type":"binary-expr","locations":[{"start":{"line":128,"column":27},"end":{"line":128,"column":48}},{"start":{"line":128,"column":52},"end":{"line":128,"column":81}},{"start":{"line":128,"column":87},"end":{"line":128,"column":108}},{"start":{"line":128,"column":112},"end":{"line":128,"column":122}}],"line":128},"37":{"loc":{"start":{"line":129,"column":25},"end":{"line":129,"column":112}},"type":"binary-expr","locations":[{"start":{"line":129,"column":25},"end":{"line":129,"column":46}},{"start":{"line":129,"column":51},"end":{"line":129,"column":86}},{"start":{"line":129,"column":90},"end":{"line":129,"column":111}}],"line":129},"38":{"loc":{"start":{"line":134,"column":2},"end":{"line":136,"column":3}},"type":"if","locations":[{"start":{"line":134,"column":2},"end":{"line":136,"column":3}},{"start":{},"end":{}}],"line":134},"39":{"loc":{"start":{"line":140,"column":2},"end":{"line":145,"column":3}},"type":"if","locations":[{"start":{"line":140,"column":2},"end":{"line":145,"column":3}},{"start":{},"end":{}}],"line":140},"40":{"loc":{"start":{"line":140,"column":6},"end":{"line":140,"column":75}},"type":"binary-expr","locations":[{"start":{"line":140,"column":6},"end":{"line":140,"column":35}},{"start":{"line":140,"column":39},"end":{"line":140,"column":50}},{"start":{"line":140,"column":54},"end":{"line":140,"column":75}}],"line":140},"41":{"loc":{"start":{"line":148,"column":2},"end":{"line":220,"column":3}},"type":"if","locations":[{"start":{"line":148,"column":2},"end":{"line":220,"column":3}},{"start":{"line":211,"column":9},"end":{"line":220,"column":3}}],"line":148},"42":{"loc":{"start":{"line":148,"column":6},"end":{"line":148,"column":95}},"type":"binary-expr","locations":[{"start":{"line":148,"column":6},"end":{"line":148,"column":20}},{"start":{"line":148,"column":24},"end":{"line":148,"column":53}},{"start":{"line":148,"column":57},"end":{"line":148,"column":95}}],"line":148},"43":{"loc":{"start":{"line":148,"column":59},"end":{"line":148,"column":94}},"type":"binary-expr","locations":[{"start":{"line":148,"column":59},"end":{"line":148,"column":80}},{"start":{"line":148,"column":84},"end":{"line":148,"column":94}}],"line":148},"44":{"loc":{"start":{"line":153,"column":6},"end":{"line":155,"column":7}},"type":"if","locations":[{"start":{"line":153,"column":6},"end":{"line":155,"column":7}},{"start":{},"end":{}}],"line":153},"45":{"loc":{"start":{"line":153,"column":10},"end":{"line":153,"column":57}},"type":"binary-expr","locations":[{"start":{"line":153,"column":10},"end":{"line":153,"column":15}},{"start":{"line":153,"column":19},"end":{"line":153,"column":44}},{"start":{"line":153,"column":48},"end":{"line":153,"column":57}}],"line":153},"46":{"loc":{"start":{"line":161,"column":6},"end":{"line":187,"column":7}},"type":"if","locations":[{"start":{"line":161,"column":6},"end":{"line":187,"column":7}},{"start":{},"end":{}}],"line":161},"47":{"loc":{"start":{"line":168,"column":8},"end":{"line":178,"column":9}},"type":"if","locations":[{"start":{"line":168,"column":8},"end":{"line":178,"column":9}},{"start":{"line":175,"column":15},"end":{"line":178,"column":9}}],"line":168},"48":{"loc":{"start":{"line":170,"column":12},"end":{"line":170,"column":38}},"type":"if","locations":[{"start":{"line":170,"column":12},"end":{"line":170,"column":38}},{"start":{},"end":{}}],"line":170},"49":{"loc":{"start":{"line":175,"column":15},"end":{"line":178,"column":9}},"type":"if","locations":[{"start":{"line":175,"column":15},"end":{"line":178,"column":9}},{"start":{},"end":{}}],"line":175},"50":{"loc":{"start":{"line":176,"column":31},"end":{"line":176,"column":118}},"type":"cond-expr","locations":[{"start":{"line":176,"column":89},"end":{"line":176,"column":93}},{"start":{"line":176,"column":96},"end":{"line":176,"column":118}}],"line":176},"51":{"loc":{"start":{"line":176,"column":31},"end":{"line":176,"column":86}},"type":"binary-expr","locations":[{"start":{"line":176,"column":31},"end":{"line":176,"column":54}},{"start":{"line":176,"column":58},"end":{"line":176,"column":86}}],"line":176},"52":{"loc":{"start":{"line":177,"column":31},"end":{"line":177,"column":167}},"type":"cond-expr","locations":[{"start":{"line":177,"column":132},"end":{"line":177,"column":136}},{"start":{"line":177,"column":139},"end":{"line":177,"column":167}}],"line":177},"53":{"loc":{"start":{"line":177,"column":31},"end":{"line":177,"column":129}},"type":"binary-expr","locations":[{"start":{"line":177,"column":31},"end":{"line":177,"column":58}},{"start":{"line":177,"column":62},"end":{"line":177,"column":91}},{"start":{"line":177,"column":95},"end":{"line":177,"column":129}}],"line":177},"54":{"loc":{"start":{"line":180,"column":8},"end":{"line":186,"column":9}},"type":"if","locations":[{"start":{"line":180,"column":8},"end":{"line":186,"column":9}},{"start":{},"end":{}}],"line":180},"55":{"loc":{"start":{"line":180,"column":12},"end":{"line":180,"column":107}},"type":"binary-expr","locations":[{"start":{"line":180,"column":12},"end":{"line":180,"column":46}},{"start":{"line":180,"column":50},"end":{"line":180,"column":107}}],"line":180},"56":{"loc":{"start":{"line":190,"column":4},"end":{"line":193,"column":5}},"type":"if","locations":[{"start":{"line":190,"column":4},"end":{"line":193,"column":5}},{"start":{},"end":{}}],"line":190},"57":{"loc":{"start":{"line":206,"column":67},"end":{"line":206,"column":136}},"type":"cond-expr","locations":[{"start":{"line":206,"column":96},"end":{"line":206,"column":113}},{"start":{"line":206,"column":116},"end":{"line":206,"column":136}}],"line":206},"58":{"loc":{"start":{"line":209,"column":4},"end":{"line":209,"column":112}},"type":"if","locations":[{"start":{"line":209,"column":4},"end":{"line":209,"column":112}},{"start":{},"end":{}}],"line":209},"59":{"loc":{"start":{"line":211,"column":9},"end":{"line":220,"column":3}},"type":"if","locations":[{"start":{"line":211,"column":9},"end":{"line":220,"column":3}},{"start":{"line":216,"column":9},"end":{"line":220,"column":3}}],"line":211},"60":{"loc":{"start":{"line":224,"column":16},"end":{"line":224,"column":81}},"type":"cond-expr","locations":[{"start":{"line":224,"column":45},"end":{"line":224,"column":60}},{"start":{"line":224,"column":63},"end":{"line":224,"column":81}}],"line":224},"61":{"loc":{"start":{"line":227,"column":2},"end":{"line":231,"column":3}},"type":"if","locations":[{"start":{"line":227,"column":2},"end":{"line":231,"column":3}},{"start":{},"end":{}}],"line":227},"62":{"loc":{"start":{"line":238,"column":2},"end":{"line":288,"column":3}},"type":"if","locations":[{"start":{"line":238,"column":2},"end":{"line":288,"column":3}},{"start":{"line":259,"column":7},"end":{"line":288,"column":3}}],"line":238},"63":{"loc":{"start":{"line":238,"column":6},"end":{"line":238,"column":79}},"type":"binary-expr","locations":[{"start":{"line":238,"column":7},"end":{"line":238,"column":18}},{"start":{"line":238,"column":22},"end":{"line":238,"column":45}},{"start":{"line":238,"column":50},"end":{"line":238,"column":79}}],"line":238},"64":{"loc":{"start":{"line":242,"column":135},"end":{"line":242,"column":204}},"type":"cond-expr","locations":[{"start":{"line":242,"column":164},"end":{"line":242,"column":181}},{"start":{"line":242,"column":184},"end":{"line":242,"column":204}}],"line":242},"65":{"loc":{"start":{"line":243,"column":4},"end":{"line":254,"column":5}},"type":"if","locations":[{"start":{"line":243,"column":4},"end":{"line":254,"column":5}},{"start":{},"end":{}}],"line":243},"66":{"loc":{"start":{"line":246,"column":6},"end":{"line":253,"column":7}},"type":"if","locations":[{"start":{"line":246,"column":6},"end":{"line":253,"column":7}},{"start":{},"end":{}}],"line":246},"67":{"loc":{"start":{"line":249,"column":138},"end":{"line":249,"column":207}},"type":"cond-expr","locations":[{"start":{"line":249,"column":167},"end":{"line":249,"column":184}},{"start":{"line":249,"column":187},"end":{"line":249,"column":207}}],"line":249},"68":{"loc":{"start":{"line":255,"column":4},"end":{"line":255,"column":93}},"type":"if","locations":[{"start":{"line":255,"column":4},"end":{"line":255,"column":93}},{"start":{},"end":{}}],"line":255},"69":{"loc":{"start":{"line":259,"column":7},"end":{"line":288,"column":3}},"type":"if","locations":[{"start":{"line":259,"column":7},"end":{"line":288,"column":3}},{"start":{"line":281,"column":7},"end":{"line":288,"column":3}}],"line":259},"70":{"loc":{"start":{"line":259,"column":11},"end":{"line":259,"column":46}},"type":"binary-expr","locations":[{"start":{"line":259,"column":11},"end":{"line":259,"column":21}},{"start":{"line":259,"column":25},"end":{"line":259,"column":46}}],"line":259},"71":{"loc":{"start":{"line":263,"column":131},"end":{"line":263,"column":200}},"type":"cond-expr","locations":[{"start":{"line":263,"column":160},"end":{"line":263,"column":177}},{"start":{"line":263,"column":180},"end":{"line":263,"column":200}}],"line":263},"72":{"loc":{"start":{"line":264,"column":4},"end":{"line":275,"column":5}},"type":"if","locations":[{"start":{"line":264,"column":4},"end":{"line":275,"column":5}},{"start":{},"end":{}}],"line":264},"73":{"loc":{"start":{"line":267,"column":6},"end":{"line":274,"column":7}},"type":"if","locations":[{"start":{"line":267,"column":6},"end":{"line":274,"column":7}},{"start":{},"end":{}}],"line":267},"74":{"loc":{"start":{"line":270,"column":131},"end":{"line":270,"column":200}},"type":"cond-expr","locations":[{"start":{"line":270,"column":160},"end":{"line":270,"column":177}},{"start":{"line":270,"column":180},"end":{"line":270,"column":200}}],"line":270},"75":{"loc":{"start":{"line":276,"column":4},"end":{"line":276,"column":93}},"type":"if","locations":[{"start":{"line":276,"column":4},"end":{"line":276,"column":93}},{"start":{},"end":{}}],"line":276}},"s":{"0":1,"1":1,"2":1,"3":1,"4":22,"5":22,"6":22,"7":22,"8":1,"9":22,"10":1,"11":22,"12":1,"13":22,"14":0,"15":22,"16":1,"17":22,"18":16,"19":3,"20":3,"21":2,"22":3,"23":2,"24":16,"25":1,"26":22,"27":1,"28":21,"29":1,"30":20,"31":22,"32":1,"33":22,"34":1,"35":22,"36":22,"37":22,"38":1,"39":7,"40":7,"41":1,"42":1,"43":1,"44":6,"45":1,"46":1,"47":1,"48":5,"49":1,"50":1,"51":1,"52":4,"53":4,"54":4,"55":4,"56":2,"57":2,"58":2,"59":2,"60":2,"61":2,"62":2,"63":2,"64":2,"65":2,"66":2,"67":2,"68":2,"69":0,"70":2,"71":1,"72":6,"73":6,"74":6,"75":1,"76":1,"77":1,"78":5,"79":5,"80":5,"81":5,"82":5,"83":0,"84":5,"85":5,"86":3,"87":3,"88":3,"89":5,"90":2,"91":2,"92":2,"93":4,"94":0,"95":4,"96":2,"97":2,"98":4,"99":4,"100":4,"101":4,"102":4,"103":0,"104":0,"105":0,"106":0,"107":0,"108":0,"109":0,"110":0,"111":4,"112":2,"113":2,"114":4,"115":2,"116":2,"117":1,"118":1,"119":1,"120":1,"121":1,"122":1,"123":1,"124":1,"125":1,"126":1,"127":1,"128":3,"129":2,"130":2,"131":2,"132":2,"133":1,"134":1,"135":1,"136":1,"137":6,"138":6,"139":6,"140":1,"141":1,"142":1,"143":5,"144":5,"145":5,"146":2,"147":2,"148":2,"149":2,"150":2,"151":2,"152":2,"153":2,"154":2,"155":2,"156":2,"157":2,"158":2,"159":2,"160":3,"161":1,"162":1,"163":1,"164":1,"165":1,"166":1,"167":1,"168":1,"169":1,"170":1,"171":1,"172":1,"173":1,"174":1,"175":2,"176":2,"177":2,"178":1},"f":{"0":22,"1":7,"2":6,"3":4,"4":0,"5":6},"b":{"0":[1],"1":[1],"2":[1],"3":[16,6],"4":[1,21],"5":[1,21],"6":[22,2],"7":[1,21],"8":[22,2],"9":[0,22],"10":[1,21],"11":[16,6],"12":[3,13],"13":[16,14],"14":[2,1],"15":[2,1],"16":[1,15],"17":[1,21],"18":[22,21],"19":[1,20],"20":[1,21],"21":[1,21],"22":[22,2],"23":[1,6],"24":[7,6,6,6,6],"25":[1,5],"26":[6,2,1],"27":[1,4],"28":[5,4],"29":[3,1],"30":[2,2],"31":[4,3],"32":[1,1],"33":[2,0],"34":[5,1],"35":[1,5],"36":[5,4,4,3],"37":[5,4,2],"38":[0,5],"39":[3,2],"40":[5,4,3],"41":[2,3],"42":[5,3,3],"43":[3,2],"44":[0,4],"45":[4,4,0],"46":[4,0],"47":[0,4],"48":[0,0],"49":[2,2],"50":[0,2],"51":[2,2],"52":[0,2],"53":[2,2,2],"54":[2,2],"55":[4,4],"56":[1,1],"57":[1,0],"58":[1,0],"59":[2,1],"60":[5,1],"61":[1,5],"62":[2,3],"63":[5,4,3],"64":[1,1],"65":[2,0],"66":[2,0],"67":[1,1],"68":[2,0],"69":[1,2],"70":[3,1],"71":[1,0],"72":[1,0],"73":[1,0],"74":[1,0],"75":[1,0]},"_coverageSchema":"1a1c01bbd47fc00a2c39e90264f33305004495a9","hash":"44194a79d1d709bd3fab12aa22db221beddcfe49"}
,"D:\\CODE\\water-company\\backend\\server\\utils\\index.js": {"path":"D:\\CODE\\water-company\\backend\\server\\utils\\index.js","statementMap":{"0":{"start":{"line":2,"column":32},"end":{"line":2,"column":65}},"1":{"start":{"line":3,"column":34},"end":{"line":3,"column":65}},"2":{"start":{"line":4,"column":28},"end":{"line":4,"column":53}},"3":{"start":{"line":6,"column":0},"end":{"line":10,"column":2}}},"fnMap":{},"branchMap":{},"s":{"0":0,"1":0,"2":0,"3":0},"f":{},"b":{}}
,"D:\\CODE\\water-company\\backend\\server\\utils\\population.util.js": {"path":"D:\\CODE\\water-company\\backend\\server\\utils\\population.util.js","statementMap":{"0":{"start":{"line":2,"column":15},"end":{"line":2,"column":42}},"1":{"start":{"line":5,"column":30},"end":{"line":25,"column":1}},"2":{"start":{"line":6,"column":2},"end":{"line":6,"column":31}},"3":{"start":{"line":6,"column":19},"end":{"line":6,"column":31}},"4":{"start":{"line":7,"column":2},"end":{"line":24,"column":3}},"5":{"start":{"line":10,"column":4},"end":{"line":18,"column":7}},"6":{"start":{"line":19,"column":4},"end":{"line":19,"column":22}},"7":{"start":{"line":21,"column":4},"end":{"line":21,"column":100}},"8":{"start":{"line":23,"column":4},"end":{"line":23,"column":22}},"9":{"start":{"line":27,"column":0},"end":{"line":27,"column":43}}},"fnMap":{"0":{"name":"(anonymous_0)","decl":{"start":{"line":5,"column":30},"end":{"line":5,"column":31}},"loc":{"start":{"line":5,"column":52},"end":{"line":25,"column":1}},"line":5}},"branchMap":{"0":{"loc":{"start":{"line":6,"column":2},"end":{"line":6,"column":31}},"type":"if","locations":[{"start":{"line":6,"column":2},"end":{"line":6,"column":31}},{"start":{},"end":{}}],"line":6}},"s":{"0":0,"1":0,"2":0,"3":0,"4":0,"5":0,"6":0,"7":0,"8":0,"9":0},"f":{"0":0},"b":{"0":[0,0]}}
,"D:\\CODE\\water-company\\backend\\server\\utils\\serialNumber.util.js": {"path":"D:\\CODE\\water-company\\backend\\server\\utils\\serialNumber.util.js","statementMap":{"0":{"start":{"line":2,"column":63},"end":{"line":2,"column":83}},"1":{"start":{"line":3,"column":15},"end":{"line":3,"column":42}},"2":{"start":{"line":7,"column":16},"end":{"line":7,"column":74}},"3":{"start":{"line":8,"column":22},"end":{"line":8,"column":94}},"4":{"start":{"line":9,"column":2},"end":{"line":31,"column":3}},"5":{"start":{"line":10,"column":21},"end":{"line":10,"column":62}},"6":{"start":{"line":11,"column":20},"end":{"line":16,"column":7}},"7":{"start":{"line":11,"column":54},"end":{"line":16,"column":5}},"8":{"start":{"line":18,"column":4},"end":{"line":20,"column":5}},"9":{"start":{"line":19,"column":6},"end":{"line":19,"column":57}},"10":{"start":{"line":22,"column":25},"end":{"line":22,"column":66}},"11":{"start":{"line":23,"column":4},"end":{"line":27,"column":6}},"12":{"start":{"line":29,"column":4},"end":{"line":29,"column":113}},"13":{"start":{"line":30,"column":4},"end":{"line":30,"column":68}},"14":{"start":{"line":34,"column":0},"end":{"line":34,"column":41}}},"fnMap":{"0":{"name":"updateSerialNumbers","decl":{"start":{"line":6,"column":15},"end":{"line":6,"column":34}},"loc":{"start":{"line":6,"column":41},"end":{"line":32,"column":1}},"line":6},"1":{"name":"(anonymous_1)","decl":{"start":{"line":11,"column":33},"end":{"line":11,"column":34}},"loc":{"start":{"line":11,"column":54},"end":{"line":16,"column":5}},"line":11}},"branchMap":{"0":{"loc":{"start":{"line":7,"column":16},"end":{"line":7,"column":74}},"type":"cond-expr","locations":[{"start":{"line":7,"column":38},"end":{"line":7,"column":53}},{"start":{"line":7,"column":56},"end":{"line":7,"column":74}}],"line":7},"1":{"loc":{"start":{"line":8,"column":22},"end":{"line":8,"column":94}},"type":"cond-expr","locations":[{"start":{"line":8,"column":44},"end":{"line":8,"column":66}},{"start":{"line":8,"column":69},"end":{"line":8,"column":94}}],"line":8},"2":{"loc":{"start":{"line":18,"column":4},"end":{"line":20,"column":5}},"type":"if","locations":[{"start":{"line":18,"column":4},"end":{"line":20,"column":5}},{"start":{},"end":{}}],"line":18},"3":{"loc":{"start":{"line":22,"column":25},"end":{"line":22,"column":66}},"type":"cond-expr","locations":[{"start":{"line":22,"column":47},"end":{"line":22,"column":62}},{"start":{"line":22,"column":65},"end":{"line":22,"column":66}}],"line":22}},"s":{"0":0,"1":0,"2":0,"3":0,"4":0,"5":0,"6":0,"7":0,"8":0,"9":0,"10":0,"11":0,"12":0,"13":0,"14":0},"f":{"0":0,"1":0},"b":{"0":[0,0],"1":[0,0],"2":[0,0],"3":[0,0]}}
}
