TN:
SF:server\config.js
FN:5,(anonymous_0)
FNF:1
FNH:0
FNDA:0,(anonymous_0)
DA:2,0
DA:3,0
DA:5,0
DA:6,0
DA:7,0
DA:15,0
DA:17,0
DA:18,0
DA:22,0
LF:9
LH:0
BRF:0
BRH:0
end_of_record
TN:
SF:server\models.js
FN:34,(anonymous_0)
FN:110,(anonymous_1)
FN:163,(anonymous_2)
FNF:3
FNH:0
FNDA:0,(anonymous_0)
FNDA:0,(anonymous_1)
FNDA:0,(anonymous_2)
DA:2,0
DA:3,0
DA:6,0
DA:10,0
DA:13,0
DA:34,0
DA:35,0
DA:36,0
DA:38,0
DA:39,0
DA:49,0
DA:52,0
DA:55,0
DA:58,0
DA:61,0
DA:64,0
DA:67,0
DA:70,0
DA:73,0
DA:76,0
DA:79,0
DA:110,0
DA:111,0
DA:112,0
DA:113,0
DA:118,0
DA:120,0
DA:121,0
DA:124,0
DA:127,0
DA:130,0
DA:163,0
DA:164,0
DA:165,0
DA:166,0
DA:171,0
DA:173,0
DA:174,0
DA:177,0
DA:180,0
DA:183,0
DA:193,0
DA:196,0
DA:237,0
DA:240,0
LF:45
LH:0
BRDA:35,0,0,0
BRDA:35,0,1,0
BRDA:38,1,0,0
BRDA:38,1,1,0
BRDA:111,2,0,0
BRDA:111,2,1,0
BRDA:164,3,0,0
BRDA:164,3,1,0
BRF:8
BRH:0
end_of_record
TN:
SF:server\controllers\projects\project.core.controller.js
FN:7,(anonymous_0)
FN:13,(anonymous_1)
FN:23,(anonymous_2)
FN:47,(anonymous_3)
FN:73,(anonymous_4)
FNF:5
FNH:0
FNDA:0,(anonymous_0)
FNDA:0,(anonymous_1)
FNDA:0,(anonymous_2)
FNDA:0,(anonymous_3)
FNDA:0,(anonymous_4)
DA:2,0
DA:3,0
DA:4,0
DA:5,0
DA:7,0
DA:8,0
DA:9,0
DA:12,0
DA:13,0
DA:16,0
DA:18,0
DA:19,0
DA:23,0
DA:25,0
DA:26,0
DA:28,0
DA:29,0
DA:30,0
DA:31,0
DA:35,0
DA:36,0
DA:38,0
DA:39,0
DA:40,0
DA:43,0
DA:47,0
DA:48,0
DA:49,0
DA:50,0
DA:52,0
DA:53,0
DA:57,0
DA:61,0
DA:64,0
DA:66,0
DA:67,0
DA:69,0
DA:73,0
DA:74,0
DA:75,0
DA:76,0
DA:77,0
DA:79,0
DA:80,0
DA:83,0
DA:84,0
DA:86,0
DA:87,0
DA:90,0
DA:91,0
DA:92,0
DA:95,0
DA:96,0
DA:97,0
DA:100,0
DA:101,0
DA:102,0
DA:105,0
DA:106,0
DA:107,0
DA:108,0
DA:109,0
DA:117,0
DA:118,0
DA:119,0
DA:121,0
DA:125,0
DA:129,0
DA:130,0
DA:131,0
DA:133,0
LF:71
LH:0
BRDA:25,0,0,0
BRDA:25,0,1,0
BRDA:30,1,0,0
BRDA:30,1,1,0
BRDA:30,2,0,0
BRDA:30,2,1,0
BRDA:39,3,0,0
BRDA:39,3,1,0
BRDA:39,4,0,0
BRDA:39,4,1,0
BRDA:39,4,2,0
BRDA:52,5,0,0
BRDA:52,5,1,0
BRDA:52,6,0,0
BRDA:52,6,1,0
BRDA:61,7,0,0
BRDA:61,7,1,0
BRDA:61,8,0,0
BRDA:61,8,1,0
BRDA:66,9,0,0
BRDA:66,9,1,0
BRDA:79,10,0,0
BRDA:79,10,1,0
BRDA:79,11,0,0
BRDA:79,11,1,0
BRDA:83,12,0,0
BRDA:83,12,1,0
BRDA:86,13,0,0
BRDA:86,13,1,0
BRDA:95,14,0,0
BRDA:95,14,1,0
BRDA:95,15,0,0
BRDA:95,15,1,0
BRDA:95,15,2,0
BRDA:100,16,0,0
BRDA:100,16,1,0
BRDA:100,17,0,0
BRDA:100,17,1,0
BRDA:105,18,0,0
BRDA:105,18,1,0
BRDA:105,19,0,0
BRDA:105,19,1,0
BRDA:105,19,2,0
BRDA:105,19,3,0
BRDA:105,19,4,0
BRDA:113,20,0,0
BRDA:113,20,1,0
BRDA:118,21,0,0
BRDA:118,21,1,0
BRDA:130,22,0,0
BRDA:130,22,1,0
BRF:51
BRH:0
end_of_record
TN:
SF:server\services\project.service.js
FN:6,(anonymous_0)
FN:60,(anonymous_1)
FN:116,(anonymous_2)
FN:152,(anonymous_3)
FN:169,(anonymous_4)
FN:223,(anonymous_5)
FNF:6
FNH:5
FNDA:22,(anonymous_0)
FNDA:7,(anonymous_1)
FNDA:6,(anonymous_2)
FNDA:4,(anonymous_3)
FNDA:0,(anonymous_4)
FNDA:6,(anonymous_5)
DA:2,1
DA:3,1
DA:4,1
DA:6,1
DA:7,22
DA:8,22
DA:9,22
DA:12,22
DA:13,22
DA:14,22
DA:15,22
DA:16,22
DA:18,22
DA:19,16
DA:20,3
DA:21,3
DA:22,3
DA:24,16
DA:28,22
DA:29,1
DA:34,21
DA:35,1
DA:38,20
DA:42,22
DA:43,22
DA:45,22
DA:47,22
DA:52,22
DA:60,1
DA:61,7
DA:64,7
DA:65,1
DA:66,1
DA:67,1
DA:69,6
DA:70,1
DA:71,1
DA:72,1
DA:74,5
DA:75,1
DA:76,1
DA:77,1
DA:80,4
DA:81,4
DA:83,4
DA:84,4
DA:85,2
DA:86,2
DA:87,2
DA:89,2
DA:90,2
DA:92,2
DA:93,2
DA:94,2
DA:97,2
DA:98,2
DA:106,2
DA:107,2
DA:108,2
DA:110,0
DA:113,2
DA:116,1
DA:117,6
DA:118,6
DA:120,6
DA:121,1
DA:122,1
DA:123,1
DA:126,5
DA:128,5
DA:129,5
DA:132,5
DA:134,5
DA:135,0
DA:137,5
DA:140,5
DA:141,3
DA:142,3
DA:143,3
DA:148,5
DA:149,2
DA:150,2
DA:152,2
DA:153,4
DA:154,0
DA:156,4
DA:159,2
DA:160,2
DA:161,4
DA:162,4
DA:164,4
DA:165,4
DA:168,4
DA:169,0
DA:170,0
DA:171,0
DA:173,0
DA:174,0
DA:175,4
DA:176,2
DA:177,2
DA:180,4
DA:181,2
DA:190,2
DA:191,1
DA:192,1
DA:195,1
DA:200,1
DA:201,1
DA:203,1
DA:204,1
DA:208,1
DA:209,1
DA:210,1
DA:211,3
DA:212,2
DA:213,2
DA:214,2
DA:215,2
DA:217,1
DA:218,1
DA:219,1
DA:223,1
DA:224,6
DA:225,6
DA:227,6
DA:228,1
DA:229,1
DA:230,1
DA:233,5
DA:235,5
DA:238,5
DA:239,2
DA:240,2
DA:242,2
DA:243,2
DA:244,2
DA:245,2
DA:246,2
DA:247,2
DA:248,2
DA:251,2
DA:252,2
DA:255,2
DA:256,2
DA:259,3
DA:260,1
DA:261,1
DA:263,1
DA:264,1
DA:265,1
DA:266,1
DA:267,1
DA:268,1
DA:269,1
DA:272,1
DA:273,1
DA:276,1
DA:277,1
DA:285,2
DA:286,2
DA:287,2
DA:291,1
LF:163
LH:155
BRDA:7,0,0,1
BRDA:7,1,0,1
BRDA:7,2,0,1
BRDA:8,3,0,16
BRDA:8,3,1,6
BRDA:12,4,0,1
BRDA:12,4,1,21
BRDA:13,5,0,1
BRDA:13,5,1,21
BRDA:13,6,0,22
BRDA:13,6,1,2
BRDA:14,7,0,1
BRDA:14,7,1,21
BRDA:14,8,0,22
BRDA:14,8,1,2
BRDA:15,9,0,0
BRDA:15,9,1,22
BRDA:16,10,0,1
BRDA:16,10,1,21
BRDA:18,11,0,16
BRDA:18,11,1,6
BRDA:19,12,0,3
BRDA:19,12,1,13
BRDA:19,13,0,16
BRDA:19,13,1,14
BRDA:21,14,0,2
BRDA:21,14,1,1
BRDA:22,15,0,2
BRDA:22,15,1,1
BRDA:24,16,0,1
BRDA:24,16,1,15
BRDA:28,17,0,1
BRDA:28,17,1,21
BRDA:28,18,0,22
BRDA:28,18,1,21
BRDA:34,19,0,1
BRDA:34,19,1,20
BRDA:42,20,0,1
BRDA:42,20,1,21
BRDA:43,21,0,1
BRDA:43,21,1,21
BRDA:43,22,0,22
BRDA:43,22,1,2
BRDA:64,23,0,1
BRDA:64,23,1,6
BRDA:64,24,0,7
BRDA:64,24,1,6
BRDA:64,24,2,6
BRDA:64,24,3,6
BRDA:64,24,4,6
BRDA:69,25,0,1
BRDA:69,25,1,5
BRDA:69,26,0,6
BRDA:69,26,1,2
BRDA:69,26,2,1
BRDA:74,27,0,1
BRDA:74,27,1,4
BRDA:74,28,0,5
BRDA:74,28,1,4
BRDA:80,29,0,3
BRDA:80,29,1,1
BRDA:84,30,0,2
BRDA:84,30,1,2
BRDA:84,31,0,4
BRDA:84,31,1,3
BRDA:102,32,0,1
BRDA:102,32,1,1
BRDA:107,33,0,2
BRDA:107,33,1,0
BRDA:117,34,0,5
BRDA:117,34,1,1
BRDA:120,35,0,1
BRDA:120,35,1,5
BRDA:128,36,0,5
BRDA:128,36,1,4
BRDA:128,36,2,4
BRDA:128,36,3,3
BRDA:129,37,0,5
BRDA:129,37,1,4
BRDA:129,37,2,2
BRDA:134,38,0,0
BRDA:134,38,1,5
BRDA:140,39,0,3
BRDA:140,39,1,2
BRDA:140,40,0,5
BRDA:140,40,1,4
BRDA:140,40,2,3
BRDA:148,41,0,2
BRDA:148,41,1,3
BRDA:148,42,0,5
BRDA:148,42,1,3
BRDA:148,42,2,3
BRDA:148,43,0,3
BRDA:148,43,1,2
BRDA:153,44,0,0
BRDA:153,44,1,4
BRDA:153,45,0,4
BRDA:153,45,1,4
BRDA:153,45,2,0
BRDA:161,46,0,4
BRDA:161,46,1,0
BRDA:168,47,0,0
BRDA:168,47,1,4
BRDA:170,48,0,0
BRDA:170,48,1,0
BRDA:175,49,0,2
BRDA:175,49,1,2
BRDA:176,50,0,0
BRDA:176,50,1,2
BRDA:176,51,0,2
BRDA:176,51,1,2
BRDA:177,52,0,0
BRDA:177,52,1,2
BRDA:177,53,0,2
BRDA:177,53,1,2
BRDA:177,53,2,2
BRDA:180,54,0,2
BRDA:180,54,1,2
BRDA:180,55,0,4
BRDA:180,55,1,4
BRDA:190,56,0,1
BRDA:190,56,1,1
BRDA:206,57,0,1
BRDA:206,57,1,0
BRDA:209,58,0,1
BRDA:209,58,1,0
BRDA:211,59,0,2
BRDA:211,59,1,1
BRDA:224,60,0,5
BRDA:224,60,1,1
BRDA:227,61,0,1
BRDA:227,61,1,5
BRDA:238,62,0,2
BRDA:238,62,1,3
BRDA:238,63,0,5
BRDA:238,63,1,4
BRDA:238,63,2,3
BRDA:242,64,0,1
BRDA:242,64,1,1
BRDA:243,65,0,2
BRDA:243,65,1,0
BRDA:246,66,0,2
BRDA:246,66,1,0
BRDA:249,67,0,1
BRDA:249,67,1,1
BRDA:255,68,0,2
BRDA:255,68,1,0
BRDA:259,69,0,1
BRDA:259,69,1,2
BRDA:259,70,0,3
BRDA:259,70,1,1
BRDA:263,71,0,1
BRDA:263,71,1,0
BRDA:264,72,0,1
BRDA:264,72,1,0
BRDA:267,73,0,1
BRDA:267,73,1,0
BRDA:270,74,0,1
BRDA:270,74,1,0
BRDA:276,75,0,1
BRDA:276,75,1,0
BRF:161
BRH:140
end_of_record
TN:
SF:server\utils\index.js
FNF:0
FNH:0
DA:2,0
DA:3,0
DA:4,0
DA:6,0
LF:4
LH:0
BRF:0
BRH:0
end_of_record
TN:
SF:server\utils\population.util.js
FN:5,(anonymous_0)
FNF:1
FNH:0
FNDA:0,(anonymous_0)
DA:2,0
DA:5,0
DA:6,0
DA:7,0
DA:10,0
DA:19,0
DA:21,0
DA:23,0
DA:27,0
LF:9
LH:0
BRDA:6,0,0,0
BRDA:6,0,1,0
BRF:2
BRH:0
end_of_record
TN:
SF:server\utils\serialNumber.util.js
FN:6,updateSerialNumbers
FN:11,(anonymous_1)
FNF:2
FNH:0
FNDA:0,updateSerialNumbers
FNDA:0,(anonymous_1)
DA:2,0
DA:3,0
DA:7,0
DA:8,0
DA:9,0
DA:10,0
DA:11,0
DA:18,0
DA:19,0
DA:22,0
DA:23,0
DA:29,0
DA:30,0
DA:34,0
LF:14
LH:0
BRDA:7,0,0,0
BRDA:7,0,1,0
BRDA:8,1,0,0
BRDA:8,1,1,0
BRDA:18,2,0,0
BRDA:18,2,1,0
BRDA:22,3,0,0
BRDA:22,3,1,0
BRF:8
BRH:0
end_of_record
